<?xml version="1.0" encoding="UTF-8"?>
<testsuite name="com.woowahanbank.backend.BackendApplicationTests" tests="1" skipped="0" failures="0" errors="0" timestamp="2023-09-08T07:04:42" hostname="DESKTOP-BLHP263" time="0.119">
  <properties/>
  <testcase name="contextLoads()" classname="com.woowahanbank.backend.BackendApplicationTests" time="0.119"/>
  <system-out><![CDATA[16:04:34.402 [Test worker] DEBUG org.springframework.test.context.BootstrapUtils - Instantiating CacheAwareContextLoaderDelegate from class [org.springframework.test.context.cache.DefaultCacheAwareContextLoaderDelegate]
16:04:34.416 [Test worker] DEBUG org.springframework.test.context.BootstrapUtils - Instantiating BootstrapContext using constructor [public org.springframework.test.context.support.DefaultBootstrapContext(java.lang.Class,org.springframework.test.context.CacheAwareContextLoaderDelegate)]
16:04:34.460 [Test worker] DEBUG org.springframework.test.context.BootstrapUtils - Instantiating TestContextBootstrapper for test class [com.woowahanbank.backend.BackendApplicationTests] from class [org.springframework.boot.test.context.SpringBootTestContextBootstrapper]
16:04:34.474 [Test worker] INFO org.springframework.boot.test.context.SpringBootTestContextBootstrapper - Neither @ContextConfiguration nor @ContextHierarchy found for test class [com.woowahanbank.backend.BackendApplicationTests], using SpringBootContextLoader
16:04:34.479 [Test worker] DEBUG org.springframework.test.context.support.AbstractContextLoader - Did not detect default resource location for test class [com.woowahanbank.backend.BackendApplicationTests]: class path resource [com/woowahanbank/backend/BackendApplicationTests-context.xml] does not exist
16:04:34.480 [Test worker] DEBUG org.springframework.test.context.support.AbstractContextLoader - Did not detect default resource location for test class [com.woowahanbank.backend.BackendApplicationTests]: class path resource [com/woowahanbank/backend/BackendApplicationTestsContext.groovy] does not exist
16:04:34.480 [Test worker] INFO org.springframework.test.context.support.AbstractContextLoader - Could not detect default resource locations for test class [com.woowahanbank.backend.BackendApplicationTests]: no resource found for suffixes {-context.xml, Context.groovy}.
16:04:34.481 [Test worker] INFO org.springframework.test.context.support.AnnotationConfigContextLoaderUtils - Could not detect default configuration classes for test class [com.woowahanbank.backend.BackendApplicationTests]: BackendApplicationTests does not declare any static, non-private, non-final, nested classes annotated with @Configuration.
16:04:34.527 [Test worker] DEBUG org.springframework.test.context.support.ActiveProfilesUtils - Could not find an 'annotation declaring class' for annotation type [org.springframework.test.context.ActiveProfiles] and class [com.woowahanbank.backend.BackendApplicationTests]
16:04:34.599 [Test worker] DEBUG org.springframework.context.annotation.ClassPathScanningCandidateComponentProvider - Identified candidate component class: file [C:\Users\SSAFY\Desktop\S09P22A609\backend\build\classes\java\main\com\woowahanbank\backend\BackendApplication.class]
16:04:34.600 [Test worker] INFO org.springframework.boot.test.context.SpringBootTestContextBootstrapper - Found @SpringBootConfiguration com.woowahanbank.backend.BackendApplication for test class com.woowahanbank.backend.BackendApplicationTests
16:04:34.721 [Test worker] DEBUG org.springframework.boot.test.context.SpringBootTestContextBootstrapper - @TestExecutionListeners is not present for class [com.woowahanbank.backend.BackendApplicationTests]: using defaults.
16:04:34.722 [Test worker] INFO org.springframework.boot.test.context.SpringBootTestContextBootstrapper - Loaded default TestExecutionListener class names from location [META-INF/spring.factories]: [org.springframework.security.test.context.support.WithSecurityContextTestExecutionListener, org.springframework.security.test.context.support.ReactorContextTestExecutionListener, org.springframework.boot.test.autoconfigure.restdocs.RestDocsTestExecutionListener, org.springframework.boot.test.autoconfigure.web.client.MockRestServiceServerResetTestExecutionListener, org.springframework.boot.test.autoconfigure.web.servlet.MockMvcPrintOnlyOnFailureTestExecutionListener, org.springframework.boot.test.autoconfigure.web.servlet.WebDriverTestExecutionListener, org.springframework.boot.test.autoconfigure.webservices.client.MockWebServiceServerTestExecutionListener, org.springframework.boot.test.mock.mockito.MockitoTestExecutionListener, org.springframework.boot.test.mock.mockito.ResetMocksTestExecutionListener, org.springframework.test.context.web.ServletTestExecutionListener, org.springframework.test.context.support.DirtiesContextBeforeModesTestExecutionListener, org.springframework.test.context.event.ApplicationEventsTestExecutionListener, org.springframework.test.context.support.DependencyInjectionTestExecutionListener, org.springframework.test.context.support.DirtiesContextTestExecutionListener, org.springframework.test.context.transaction.TransactionalTestExecutionListener, org.springframework.test.context.jdbc.SqlScriptsTestExecutionListener, org.springframework.test.context.event.EventPublishingTestExecutionListener]
16:04:34.747 [Test worker] INFO org.springframework.boot.test.context.SpringBootTestContextBootstrapper - Using TestExecutionListeners: [org.springframework.test.context.web.ServletTestExecutionListener@b273a59, org.springframework.test.context.support.DirtiesContextBeforeModesTestExecutionListener@4e7095ac, org.springframework.test.context.event.ApplicationEventsTestExecutionListener@251ebf23, org.springframework.boot.test.mock.mockito.MockitoTestExecutionListener@29b732a2, org.springframework.boot.test.autoconfigure.SpringBootDependencyInjectionTestExecutionListener@1b70203f, org.springframework.test.context.support.DirtiesContextTestExecutionListener@51671b08, org.springframework.test.context.transaction.TransactionalTestExecutionListener@15051a0, org.springframework.test.context.jdbc.SqlScriptsTestExecutionListener@1162410a, org.springframework.security.test.context.support.WithSecurityContextTestExecutionListener@b09fac1, org.springframework.test.context.event.EventPublishingTestExecutionListener@62df0ff3, org.springframework.security.test.context.support.ReactorContextTestExecutionListener@61019f59, org.springframework.boot.test.autoconfigure.restdocs.RestDocsTestExecutionListener@62e8f862, org.springframework.boot.test.autoconfigure.web.client.MockRestServiceServerResetTestExecutionListener@26f3d90c, org.springframework.boot.test.autoconfigure.web.servlet.MockMvcPrintOnlyOnFailureTestExecutionListener@3c49fab6, org.springframework.boot.test.autoconfigure.web.servlet.WebDriverTestExecutionListener@515f4131, org.springframework.boot.test.autoconfigure.webservices.client.MockWebServiceServerTestExecutionListener@74518890, org.springframework.boot.test.mock.mockito.ResetMocksTestExecutionListener@4c5204af]
16:04:34.751 [Test worker] DEBUG org.springframework.test.context.support.AbstractDirtiesContextTestExecutionListener - Before test class: context [DefaultTestContext@7e11ab3d testClass = BackendApplicationTests, testInstance = [null], testMethod = [null], testException = [null], mergedContextConfiguration = [WebMergedContextConfiguration@5fa47fea testClass = BackendApplicationTests, locations = '{}', classes = '{class com.woowahanbank.backend.BackendApplication}', contextInitializerClasses = '[]', activeProfiles = '{}', propertySourceLocations = '{}', propertySourceProperties = '{org.springframework.boot.test.context.SpringBootTestContextBootstrapper=true}', contextCustomizers = set[org.springframework.boot.test.autoconfigure.actuate.metrics.MetricsExportContextCustomizerFactory$DisableMetricExportContextCustomizer@f0e995e, org.springframework.boot.test.autoconfigure.properties.PropertyMappingContextCustomizer@0, org.springframework.boot.test.autoconfigure.web.servlet.WebDriverContextCustomizerFactory$Customizer@2dbe250d, org.springframework.boot.test.context.filter.ExcludeFilterContextCustomizer@4f071df8, org.springframework.boot.test.json.DuplicateJsonObjectContextCustomizerFactory$DuplicateJsonObjectContextCustomizer@5d018107, org.springframework.boot.test.mock.mockito.MockitoContextCustomizer@0, org.springframework.boot.test.web.client.TestRestTemplateContextCustomizer@3f446bef, org.springframework.boot.test.context.SpringBootTestArgs@1, org.springframework.boot.test.context.SpringBootTestWebEnvironment@389c4eb1], resourceBasePath = 'src/main/webapp', contextLoader = 'org.springframework.boot.test.context.SpringBootContextLoader', parent = [null]], attributes = map['org.springframework.test.context.web.ServletTestExecutionListener.activateListener' -> true]], class annotated with @DirtiesContext [false] with mode [null].

  .   ____          _            __ _ _
 /\\ / ___'_ __ _ _(_)_ __  __ _ \ \ \ \
( ( )\___ | '_ | '_| | '_ \/ _` | \ \ \ \
 \\/  ___)| |_)| | | | | || (_| |  ) ) ) )
  '  |____| .__|_| |_|_| |_\__, | / / / /
 =========|_|==============|___/=/_/_/_/
 :: Spring Boot ::               (v2.7.15)

2023-09-08 16:04:35.194  INFO 6672 --- [    Test worker] c.w.backend.BackendApplicationTests      : Starting BackendApplicationTests using Java 11 on DESKTOP-BLHP263 with PID 6672 (started by SSAFY in C:\Users\SSAFY\Desktop\S09P22A609\backend)
2023-09-08 16:04:35.196  INFO 6672 --- [    Test worker] c.w.backend.BackendApplicationTests      : The following 2 profiles are active: "secret", "redis"
2023-09-08 16:04:36.357  INFO 6672 --- [    Test worker] .s.d.r.c.RepositoryConfigurationDelegate : Multiple Spring Data modules found, entering strict repository configuration mode
2023-09-08 16:04:36.360  INFO 6672 --- [    Test worker] .s.d.r.c.RepositoryConfigurationDelegate : Bootstrapping Spring Data JPA repositories in DEFAULT mode.
2023-09-08 16:04:36.589  INFO 6672 --- [    Test worker] .RepositoryConfigurationExtensionSupport : Spring Data JPA - Could not safely identify store assignment for repository candidate interface com.woowahanbank.backend.global.auth.oauth.oidc.publickey.PublicKeyRepository; If you want this repository to be a JPA repository, consider annotating your entities with one of these annotations: javax.persistence.Entity, javax.persistence.MappedSuperclass (preferred), or consider extending one of the following types with your repository: org.springframework.data.jpa.repository.JpaRepository
2023-09-08 16:04:36.624  INFO 6672 --- [    Test worker] .s.d.r.c.RepositoryConfigurationDelegate : Finished Spring Data repository scanning in 255 ms. Found 4 JPA repository interfaces.
2023-09-08 16:04:36.643  INFO 6672 --- [    Test worker] .s.d.r.c.RepositoryConfigurationDelegate : Multiple Spring Data modules found, entering strict repository configuration mode
2023-09-08 16:04:36.644  INFO 6672 --- [    Test worker] .s.d.r.c.RepositoryConfigurationDelegate : Bootstrapping Spring Data Redis repositories in DEFAULT mode.
2023-09-08 16:04:36.677  INFO 6672 --- [    Test worker] .RepositoryConfigurationExtensionSupport : Spring Data Redis - Could not safely identify store assignment for repository candidate interface com.woowahanbank.backend.domain.family.repository.FamilyRepository; If you want this repository to be a Redis repository, consider annotating your entities with one of these annotations: org.springframework.data.redis.core.RedisHash (preferred), or consider extending one of the following types with your repository: org.springframework.data.keyvalue.repository.KeyValueRepository
2023-09-08 16:04:36.678  INFO 6672 --- [    Test worker] .RepositoryConfigurationExtensionSupport : Spring Data Redis - Could not safely identify store assignment for repository candidate interface com.woowahanbank.backend.domain.mission.repository.MissionRepository; If you want this repository to be a Redis repository, consider annotating your entities with one of these annotations: org.springframework.data.redis.core.RedisHash (preferred), or consider extending one of the following types with your repository: org.springframework.data.keyvalue.repository.KeyValueRepository
2023-09-08 16:04:36.679  INFO 6672 --- [    Test worker] .RepositoryConfigurationExtensionSupport : Spring Data Redis - Could not safely identify store assignment for repository candidate interface com.woowahanbank.backend.domain.quiz.repository.QuizRepository; If you want this repository to be a Redis repository, consider annotating your entities with one of these annotations: org.springframework.data.redis.core.RedisHash (preferred), or consider extending one of the following types with your repository: org.springframework.data.keyvalue.repository.KeyValueRepository
2023-09-08 16:04:36.679  INFO 6672 --- [    Test worker] .RepositoryConfigurationExtensionSupport : Spring Data Redis - Could not safely identify store assignment for repository candidate interface com.woowahanbank.backend.domain.user.respository.UserRepository; If you want this repository to be a Redis repository, consider annotating your entities with one of these annotations: org.springframework.data.redis.core.RedisHash (preferred), or consider extending one of the following types with your repository: org.springframework.data.keyvalue.repository.KeyValueRepository
2023-09-08 16:04:36.701  INFO 6672 --- [    Test worker] .s.d.r.c.RepositoryConfigurationDelegate : Finished Spring Data repository scanning in 47 ms. Found 1 Redis repository interfaces.
2023-09-08 16:04:37.577  INFO 6672 --- [    Test worker] o.hibernate.jpa.internal.util.LogHelper  : HHH000204: Processing PersistenceUnitInfo [name: default]
2023-09-08 16:04:37.648  INFO 6672 --- [    Test worker] org.hibernate.Version                    : HHH000412: Hibernate ORM core version 5.6.15.Final
2023-09-08 16:04:37.914  INFO 6672 --- [    Test worker] o.hibernate.annotations.common.Version   : HCANN000001: Hibernate Commons Annotations {5.1.2.Final}
2023-09-08 16:04:38.055  INFO 6672 --- [    Test worker] com.zaxxer.hikari.HikariDataSource       : HikariPool-1 - Starting...
2023-09-08 16:04:38.358  INFO 6672 --- [    Test worker] com.zaxxer.hikari.HikariDataSource       : HikariPool-1 - Start completed.
2023-09-08 16:04:38.382  INFO 6672 --- [    Test worker] org.hibernate.dialect.Dialect            : HHH000400: Using dialect: org.hibernate.dialect.MySQL5InnoDBDialect
2023-09-08 16:04:39.190 DEBUG 6672 --- [    Test worker] org.hibernate.SQL                        : alter table mission drop foreign key FKdvkmbfsisqgt5jhuqgwpduweh
2023-09-08 16:04:39.208 DEBUG 6672 --- [    Test worker] org.hibernate.SQL                        : alter table mission drop foreign key FKkt0byon7ea1ly0g7jq91q2nlp
2023-09-08 16:04:39.215 DEBUG 6672 --- [    Test worker] org.hibernate.SQL                        : alter table mission drop foreign key FKoi5dir7w8awlxr96t5smuknmq
2023-09-08 16:04:39.223 DEBUG 6672 --- [    Test worker] org.hibernate.SQL                        : alter table `user` drop foreign key FKik9u91b6e9oc9cebjhrh5wftk
2023-09-08 16:04:39.231 DEBUG 6672 --- [    Test worker] org.hibernate.SQL                        : drop table if exists family
2023-09-08 16:04:39.239 DEBUG 6672 --- [    Test worker] org.hibernate.SQL                        : drop table if exists mission
2023-09-08 16:04:39.247 DEBUG 6672 --- [    Test worker] org.hibernate.SQL                        : drop table if exists quiz
2023-09-08 16:04:39.254 DEBUG 6672 --- [    Test worker] org.hibernate.SQL                        : drop table if exists `user`
2023-09-08 16:04:39.265 DEBUG 6672 --- [    Test worker] org.hibernate.SQL                        : create table family (id bigint not null auto_increment, family_name varchar(255), primary key (id)) engine=InnoDB
2023-09-08 16:04:39.278 DEBUG 6672 --- [    Test worker] org.hibernate.SQL                        : create table mission (mission_id bigint not null auto_increment, mission_description varchar(255), mission_name varchar(255), mission_point integer, mission_status VARCHAR(255) DEFAULT '시작전', mission_terminate_date datetime, mission_child_id bigint, mission_family_id bigint, mission_parent_id bigint, primary key (mission_id)) engine=InnoDB
2023-09-08 16:04:39.294 DEBUG 6672 --- [    Test worker] org.hibernate.SQL                        : create table quiz (quiz_id bigint not null auto_increment, quiz_answer varchar(255), quiz_detail varchar(255), primary key (quiz_id)) engine=InnoDB
2023-09-08 16:04:39.311 DEBUG 6672 --- [    Test worker] org.hibernate.SQL                        : create table `user` (id bigint not null auto_increment, money bigint default 0 not null, nickname varchar(255), quiz bigint, roles varchar(255), score bigint, type varchar(255), user_id varchar(255), family_id bigint, primary key (id)) engine=InnoDB
2023-09-08 16:04:39.325 DEBUG 6672 --- [    Test worker] org.hibernate.SQL                        : alter table mission add constraint FKdvkmbfsisqgt5jhuqgwpduweh foreign key (mission_child_id) references `user` (id)
2023-09-08 16:04:39.357 DEBUG 6672 --- [    Test worker] org.hibernate.SQL                        : alter table mission add constraint FKkt0byon7ea1ly0g7jq91q2nlp foreign key (mission_family_id) references family (id)
2023-09-08 16:04:39.412 DEBUG 6672 --- [    Test worker] org.hibernate.SQL                        : alter table mission add constraint FKoi5dir7w8awlxr96t5smuknmq foreign key (mission_parent_id) references `user` (id)
2023-09-08 16:04:39.475 DEBUG 6672 --- [    Test worker] org.hibernate.SQL                        : alter table `user` add constraint FKik9u91b6e9oc9cebjhrh5wftk foreign key (family_id) references family (id)
2023-09-08 16:04:39.526  INFO 6672 --- [    Test worker] o.h.e.t.j.p.i.JtaPlatformInitiator       : HHH000490: Using JtaPlatform implementation: [org.hibernate.engine.transaction.jta.platform.internal.NoJtaPlatform]
2023-09-08 16:04:39.539  INFO 6672 --- [    Test worker] j.LocalContainerEntityManagerFactoryBean : Initialized JPA EntityManagerFactory for persistence unit 'default'
passwordEncoder bean create
2023-09-08 16:04:41.689  INFO 6672 --- [    Test worker] o.s.s.web.DefaultSecurityFilterChain     : Will secure any request with [org.springframework.security.web.session.DisableEncodeUrlFilter@16dc12cf, org.springframework.security.web.context.request.async.WebAsyncManagerIntegrationFilter@5bbd8118, org.springframework.security.web.context.SecurityContextPersistenceFilter@45c8db36, org.springframework.security.web.header.HeaderWriterFilter@77f2807f, org.springframework.web.filter.CorsFilter@74974165, org.springframework.security.web.authentication.logout.LogoutFilter@7db57566, org.springframework.security.web.savedrequest.RequestCacheAwareFilter@50d02417, org.springframework.security.web.servletapi.SecurityContextHolderAwareRequestFilter@230383a7, org.springframework.security.web.authentication.AnonymousAuthenticationFilter@4f20ff8e, org.springframework.security.web.session.SessionManagementFilter@34d08905, org.springframework.security.web.access.ExceptionTranslationFilter@3787eac3]
2023-09-08 16:04:42.970  INFO 6672 --- [    Test worker] c.w.backend.BackendApplicationTests      : Started BackendApplicationTests in 8.177 seconds (JVM running for 9.816)
]]></system-out>
  <system-err><![CDATA[]]></system-err>
</testsuite>
